(1)	ARCHI_TYPE fta(
(2)		const rate workload := 5,
(3)		const rate wsn_rate := 1.457,
(4)		const rate channel_rate := 2.562,
(5)		const rate fta_rate := 6.634,
(6)		const rate packet_rate := 4.482,
(7)		const rate ShowMap_rate := 0.977,
(8)		const rate lan_db_rate := 5.9342,
(9)		const rate lan_desk_rate := 9.945,
(10)		const rate lan_sec_rate := 0.839,
(11)		const rate lan_fta_rate := 6.945,
(12)		const rate db_rate := 0.538,
(13)		const rate dec_rate := 0.0698
(14)	)
(15)
(16)	ARCHI_ELEM_TYPES
(17)
(18)
(19)			ELEM_TYPE Wsn_Type(const rate workload, const rate wsn_rate)
(20)
(21)				BEHAVIOR
(22)
(23)					SendData(void;void) = <generate_data, exp(workload)> . <send_data, exp(wsn_rate)> . SendData()
(24)
(25)				INPUT_INTERACTIONS
(26)
(27)					UNI generate_data
(28)
(29)				OUTPUT_INTERACTIONS
(30)
(31)					UNI send_data
(32)
(33)			ELEM_TYPE Channel_Type(const rate channel_rate)
(34)
(35)				BEHAVIOR
(36)
(37)					Channel(void;void) = <receive_data, _> . <forward_data, exp(channel_rate)> . Channel()
(38)
(39)				INPUT_INTERACTIONS
(40)
(41)
(42)					OR receive_data
(43)
(44)				OUTPUT_INTERACTIONS
(45)
(46)					UNI forward_data
(47)
(48)			ELEM_TYPE Fta_Type(const rate fta_rate, const rate packet_rate)
(49)
(50)				BEHAVIOR
(51)
(52)					Fta(void;void) = <receive, _> . <packet_data, exp(packet_rate)> . <sendto_security, _> . <receive_decrypted, _> . <process_data, exp(fta_rate)> . <sendto_db, _> . <sendto_desktop, _> . Fta()
(53)
(54)				INPUT_INTERACTIONS
(55)
(56)					UNI receive
(57)					OR receive_decrypted
(58)
(59)				OUTPUT_INTERACTIONS
(60)
(61)					UNI process_data;
(62)					 packet_data
(63)					OR sendto_db;
(64)					 sendto_desktop;
(65)					 sendto_security
(66)
(67)			ELEM_TYPE Lan_Type(const rate lan_db_rate, const rate lan_desk_rate, const rate lan_sec_rate, const rate lan_fta_rate)
(68)
(69)				BEHAVIOR
(70)
(71)					Lan(void;void) = choice{
(72)					                 <lanto_db, inf> . <frwdto_db, exp(lan_db_rate)> . Lan(),
(73)					                 <lanto_desk, inf> . <frwdto_desk, exp(lan_desk_rate)> . Lan(),
(74)					                 <lanto_sec, inf> . <frwdto_sec, exp(lan_sec_rate)> . Lan(),
(75)					                 <lanto_fta, inf> . <frwdto_fta, exp(lan_fta_rate)> . Lan()
(76)					                 }
(77)
(78)				INPUT_INTERACTIONS
(79)
(80)					UNI lanto_db;
(81)					 lanto_desk;
(82)					 lanto_sec;
(83)					 lanto_fta
(84)
(85)				OUTPUT_INTERACTIONS
(86)
(87)					UNI frwdto_db;
(88)					 frwdto_desk;
(89)					 frwdto_sec;
(90)					 frwdto_fta
(91)
(92)			ELEM_TYPE Desk_Type(const rate ShowMap_rate)
(93)
(94)				BEHAVIOR
(95)
(96)					ShowMap(void;void) = <receive_map, _> . <show_map, exp(ShowMap_rate)> . ShowMap()
(97)
(98)				INPUT_INTERACTIONS
(99)
(100)
(101)					OR receive_map
(102)
(103)				OUTPUT_INTERACTIONS
(104)
(105)					UNI show_map
(106)
(107)			ELEM_TYPE DB_Type(const rate db)
(108)
(109)				BEHAVIOR
(110)
(111)					StoreData(void;void) = <receive_fta_data, _> . <store_data, exp(db)> . StoreData()
(112)
(113)				INPUT_INTERACTIONS
(114)
(115)
(116)					OR receive_fta_data
(117)
(118)				OUTPUT_INTERACTIONS
(119)
(120)					UNI store_data
(121)
(122)			ELEM_TYPE Sec_Type(const rate dec_rate)
(123)
(124)				BEHAVIOR
(125)
(126)					Security(void;void) = <receive_ftas, _> . <decrypt_data, exp(dec_rate)> . <sendto_fta, _> . Security()
(127)
(128)				INPUT_INTERACTIONS
(129)
(130)
(131)					OR receive_ftas
(132)
(133)				OUTPUT_INTERACTIONS
(134)
(135)					UNI decrypt_data
(136)					OR sendto_fta
(137)
(138)			ARCHI_TOPOLOGY
(139)
(140)	           ARCHI_ELEM_INSTANCES
(141)
(142)		           WSN : Wsn_Type(workload, wsn_rate);
(143)		           CHN : Channel_Type(channel_rate);
(144)		           FTA : Fta_Type(fta_rate, packet_rate);
(145)		           LAN : Lan_Type(lan_db_rate, lan_desk_rate, lan_sec_rate, lan_fta_rate);
(146)		           DB : DB_Type(db_rate);
(147)		           DSK : Desk_Type(ShowMap_rate);
(148)		           SCR : Sec_Type(dec_rate);
(149)		           WSN_cloned_69DKNBE8V5SP45FE3M : Wsn_Type(workload, wsn_rate);
(150)		           LAN_cloned_H8TNOA3CRJ1OA45PAM : Lan_Type(lan_db_rate, lan_desk_rate, lan_sec_rate, lan_fta_rate)
(151)
(152)	           ARCHI_INTERACTIONS
(153)
(154)
(155)		           WSN.generate_data;
(156)		           DB.store_data;
(157)		           DSK.show_map;
(158)		           SCR.decrypt_data;
(159)		           FTA.process_data;
(160)		           FTA.packet_data;
(161)		           WSN_cloned_69DKNBE8V5SP45FE3M.generate_data
(162)
(163)	           ARCHI_ATTACHMENTS
(164)		           FROM WSN.send_data TO CHN.receive_data;
(165)		           FROM CHN.forward_data TO FTA.receive;
(166)		           FROM FTA.sendto_db TO LAN.lanto_db;
(167)		           FROM FTA.sendto_desktop TO LAN.lanto_desk;
(168)		           FROM FTA.sendto_security TO LAN.lanto_sec;
(169)		           FROM LAN.frwdto_desk TO DSK.receive_map;
(170)		           FROM LAN.frwdto_db TO DB.receive_fta_data;
(171)		           FROM LAN.frwdto_fta TO FTA.receive_decrypted;
(172)		           FROM LAN.frwdto_sec TO SCR.receive_ftas;
(173)		           FROM SCR.sendto_fta TO LAN.lanto_fta;
(174)		           FROM WSN_cloned_69DKNBE8V5SP45FE3M.send_data TO CHN.receive_data;
(175)		           FROM LAN_cloned_H8TNOA3CRJ1OA45PAM.frwdto_desk TO DSK.receive_map;
(176)		           FROM LAN_cloned_H8TNOA3CRJ1OA45PAM.frwdto_db TO DB.receive_fta_data;
(177)		           FROM LAN_cloned_H8TNOA3CRJ1OA45PAM.frwdto_fta TO FTA.receive_decrypted;
(178)		           FROM LAN_cloned_H8TNOA3CRJ1OA45PAM.frwdto_sec TO SCR.receive_ftas;
(179)		           FROM FTA.sendto_db TO LAN_cloned_H8TNOA3CRJ1OA45PAM.lanto_db;
(180)		           FROM FTA.sendto_desktop TO LAN_cloned_H8TNOA3CRJ1OA45PAM.lanto_desk;
(181)		           FROM FTA.sendto_security TO LAN_cloned_H8TNOA3CRJ1OA45PAM.lanto_sec;
(182)		           FROM SCR.sendto_fta TO LAN_cloned_H8TNOA3CRJ1OA45PAM.lanto_fta
(183)	END
(184)
(185)


>>>> 0 errors
>>>> 0 warnings