(1)	%%%%%%%%%%%%%%%%%%%%%%%%%%%%%%%%%%%%%%%%%%%%%%%%%%%%%%%%%%%%%%%%%
(2)	%								%
(3)	% Performance measure specification
(4)	%								%
(5)	%%%%%%%%%%%%%%%%%%%%%%%%%%%%%%%%%%%%%%%%%%%%%%%%%%%%%%%%%%%%%%%%%
(6)
(7)	#
--->	^Error: illegal character (ignored)
(7)	 MEASURE MA_Type_Multiple_throughput_MA IS
(8)	#
--->	^Error: illegal character (ignored)
(8)	 ENABLED (MA[1]
--->	              ^Error: undeclared architectural element instance
(8)	               .trasmit_req_best_path) ->TRANS_REWARD(1.0)
(9)	#
--->	^Error: illegal character (ignored)
(9)	 ENABLED (MA[2]
--->	              ^Error: undeclared architectural element instance
(9)	               .trasmit_req_best_path) ->TRANS_REWARD(1.0)
(10)	#
--->	^Error: illegal character (ignored)
(10)	 ENABLED (MA[3]
--->	              ^Error: undeclared architectural element instance
(10)	               .trasmit_req_best_path) ->TRANS_REWARD(1.0)
(11)	#
--->	^Error: illegal character (ignored)
(11)	 ENABLED (MA[4]
--->	              ^Error: undeclared architectural element instance
(11)	               .trasmit_req_best_path) ->TRANS_REWARD(1.0)
(12)	#
--->	^Error: illegal character (ignored)
(12)	 ENABLED (MA[5]
--->	              ^Error: undeclared architectural element instance
(12)	               .trasmit_req_best_path) ->TRANS_REWARD(1.0);
(13)
(14)	MEASURE Balancer_Type_Single_throughput_LB_deliver_req_best_path_a IS
(15)	  ENABLED(LB.
--->	            ^Error: undeclared architectural element instance
(15)	             deliver_req_best_path_a) -> TRANS_REWARD(1.0);
(16)
(17)	MEASURE Balancer_Type_Single_throughput_LB_deliver_req_best_path_b IS
(18)	  ENABLED (LB.
--->	             ^Error: undeclared architectural element instance
(18)	              deliver_req_best_path_b) ->TRANS_REWARD(1.0);
(19)
(20)	MEASURE DB_Type_Single_utilization_DB_transmit_data IS
(21)	  ENABLED(DB.transmit_data
--->	                         ^Error: undefined action type
(21)	                          ) -> STATE_REWARD(1.0)


>>>> 14 errors
>>>> 0 warnings