(1)											MEASURE APP_Type_Single_throughput_APP_send_auth_req IS ENABLED (APP.send_auth_req) ->TRANS_REWARD(1.0);
(2)											MEASURE APP_Type_Single_utilization_APP_send_auth_req IS ENABLED (APP.send_auth_req) ->STATE_REWARD(1.0);
(3)
(4)											MEASURE APP_Type_Single_throughput_APP_send_monitor_req IS ENABLED (APP.send_monitor_req) ->TRANS_REWARD(1.0);
(5)											MEASURE APP_Type_Single_utilization_APP_send_monitor_req IS ENABLED (APP.send_monitor_req) ->STATE_REWARD(1.0);
(6)
(7)											MEASURE APP_Type_Single_throughput_APP_send_change_req IS ENABLED (APP.send_change_req) ->TRANS_REWARD(1.0);
(8)											MEASURE APP_Type_Single_utilization_APP_send_change_req IS ENABLED (APP.send_change_req) ->STATE_REWARD(1.0);
(9)													MEASURE APP_Type_Multiple_throughput_APP IS
(10)													ENABLED (APP.send_auth_req) ->TRANS_REWARD(1.0)
(11)													ENABLED (APP.send_monitor_req) ->TRANS_REWARD(1.0)
(12)													ENABLED (APP.send_change_req) ->TRANS_REWARD(1.0);
(13)													MEASURE APP_Type_Multiple_utilization_APP IS
(14)													ENABLED (APP.send_auth_req) ->STATE_REWARD(1.0)
(15)													ENABLED (APP.send_monitor_req) ->STATE_REWARD(1.0)
(16)													ENABLED (APP.send_change_req) ->STATE_REWARD(1.0);
(17)
(18)											MEASURE Net_Type_Single_throughput_NET_send_auth_req IS ENABLED (NET.send_auth_req) ->TRANS_REWARD(1.0);
(19)											MEASURE Net_Type_Single_utilization_NET_send_auth_req IS ENABLED (NET.send_auth_req) ->STATE_REWARD(1.0);
(20)
(21)											MEASURE Net_Type_Single_throughput_NET_send_auth_resp IS ENABLED (NET.send_auth_resp) ->TRANS_REWARD(1.0);
(22)											MEASURE Net_Type_Single_utilization_NET_send_auth_resp IS ENABLED (NET.send_auth_resp) ->STATE_REWARD(1.0);
(23)
(24)											MEASURE Net_Type_Single_throughput_NET_send_change_req IS ENABLED (NET.send_change_req) ->TRANS_REWARD(1.0);
(25)											MEASURE Net_Type_Single_utilization_NET_send_change_req IS ENABLED (NET.send_change_req) ->STATE_REWARD(1.0);
(26)
(27)											MEASURE Net_Type_Single_throughput_NET_send_monitor_req IS ENABLED (NET.send_monitor_req) ->TRANS_REWARD(1.0);
(28)											MEASURE Net_Type_Single_utilization_NET_send_monitor_req IS ENABLED (NET.send_monitor_req) ->STATE_REWARD(1.0);
(29)
(30)											MEASURE Net_Type_Single_throughput_NET_send_monitor_resp IS ENABLED (NET.send_monitor_resp) ->TRANS_REWARD(1.0);
(31)											MEASURE Net_Type_Single_utilization_NET_send_monitor_resp IS ENABLED (NET.send_monitor_resp) ->STATE_REWARD(1.0);
(32)													MEASURE Net_Type_Multiple_throughput_NET IS
(33)													ENABLED (NET.send_auth_req) ->TRANS_REWARD(1.0)
(34)													ENABLED (NET.send_auth_resp) ->TRANS_REWARD(1.0)
(35)													ENABLED (NET.send_change_req) ->TRANS_REWARD(1.0)
(36)													ENABLED (NET.send_monitor_req) ->TRANS_REWARD(1.0)
(37)													ENABLED (NET.send_monitor_resp) ->TRANS_REWARD(1.0);
(38)													MEASURE Net_Type_Multiple_utilization_NET IS
(39)													ENABLED (NET.send_auth_req) ->STATE_REWARD(1.0)
(40)													ENABLED (NET.send_auth_resp) ->STATE_REWARD(1.0)
(41)													ENABLED (NET.send_change_req) ->STATE_REWARD(1.0)
(42)													ENABLED (NET.send_monitor_req) ->STATE_REWARD(1.0)
(43)													ENABLED (NET.send_monitor_resp) ->STATE_REWARD(1.0);
(44)
(45)											MEASURE Sec_Type_Single_throughput_SEC_send_auth_resp IS ENABLED (SEC.send_auth_resp) ->TRANS_REWARD(1.0);
(46)											MEASURE Sec_Type_Single_utilization_SEC_send_auth_resp IS ENABLED (SEC.send_auth_resp) ->STATE_REWARD(1.0);
(47)
(48)											MEASURE Sec_Type_Single_throughput_SEC_send_account_req IS ENABLED (SEC.send_account_req) ->TRANS_REWARD(1.0);
(49)											MEASURE Sec_Type_Single_utilization_SEC_send_account_req IS ENABLED (SEC.send_account_req) ->STATE_REWARD(1.0);
(50)													MEASURE Sec_Type_Multiple_throughput_SEC IS
(51)													ENABLED (SEC.send_auth_resp) ->TRANS_REWARD(1.0)
(52)													ENABLED (SEC.send_account_req) ->TRANS_REWARD(1.0);
(53)													MEASURE Sec_Type_Multiple_utilization_SEC IS
(54)													ENABLED (SEC.send_auth_resp) ->STATE_REWARD(1.0)
(55)													ENABLED (SEC.send_account_req) ->STATE_REWARD(1.0);
(56)
(57)											MEASURE GH_Type_Single_throughput_GH_send_monitor_resp IS ENABLED (GH.send_monitor_resp) ->TRANS_REWARD(1.0);
(58)											MEASURE GH_Type_Single_utilization_GH_send_monitor_resp IS ENABLED (GH.send_monitor_resp) ->STATE_REWARD(1.0);
(59)
(60)											MEASURE GH_Type_Single_throughput_GH_send_data_req IS ENABLED (GH.send_data_req) ->TRANS_REWARD(1.0);
(61)											MEASURE GH_Type_Single_utilization_GH_send_data_req IS ENABLED (GH.send_data_req) ->STATE_REWARD(1.0);
(62)													MEASURE GH_Type_Multiple_throughput_GH IS
(63)													ENABLED (GH.send_monitor_resp) ->TRANS_REWARD(1.0)
(64)													ENABLED (GH.send_data_req) ->TRANS_REWARD(1.0);
(65)													MEASURE GH_Type_Multiple_utilization_GH IS
(66)													ENABLED (GH.send_monitor_resp) ->STATE_REWARD(1.0)
(67)													ENABLED (GH.send_data_req) ->STATE_REWARD(1.0);
(68)
(69)											MEASURE DB_Type_Single_throughput_DB_send_data_resp IS ENABLED (DB.send_data_resp) ->TRANS_REWARD(1.0);
(70)											MEASURE DB_Type_Single_utilization_DB_send_data_resp IS ENABLED (DB.send_data_resp) ->STATE_REWARD(1.0);
(71)
(72)											MEASURE DB_Type_Single_throughput_DB_send_account_resp IS ENABLED (DB.send_account_resp) ->TRANS_REWARD(1.0);
(73)											MEASURE DB_Type_Single_utilization_DB_send_account_resp IS ENABLED (DB.send_account_resp) ->STATE_REWARD(1.0);
(74)													MEASURE DB_Type_Multiple_throughput_DB IS
(75)													ENABLED (DB.send_data_resp) ->TRANS_REWARD(1.0)
(76)													ENABLED (DB.send_account_resp) ->TRANS_REWARD(1.0);
(77)													MEASURE DB_Type_Multiple_utilization_DB IS
(78)													ENABLED (DB.send_data_resp) ->STATE_REWARD(1.0)
(79)													ENABLED (DB.send_account_resp) ->STATE_REWARD(1.0);
(80)
(81)														MEASURE Sensor_Type_Multiple_utilization_S IS
(82)														ENABLED (S[1].send_update_req) ->STATE_REWARD(1.0)
(83)														ENABLED (S[2].send_update_req) ->STATE_REWARD(1.0)
(84)															ENABLED (S[3].send_update_req) ->STATE_REWARD(1.0)
(85)															ENABLED (S[4].send_update_req) ->STATE_REWARD(1.0)
(86)															ENABLED (S[5].send_update_req) ->STATE_REWARD(1.0);
(87)
(88)														MEASURE Sensor_Type_Multiple_throughput_S IS
(89)														ENABLED (S[1].send_update_req) ->TRANS_REWARD(1.0)
(90)														ENABLED (S[2].send_update_req) ->TRANS_REWARD(1.0)
(91)
(92)																ENABLED (S[3].send_update_req) ->TRANS_REWARD(1.0)
(93)
(94)																ENABLED (S[4].send_update_req) ->TRANS_REWARD(1.0)
(95)
(96)																ENABLED (S[5].send_update_req) ->TRANS_REWARD(1.0)
(97)
(98)
(99)
(100)
(101)
(102)
(103)
(104)


>>>> 0 errors
>>>> 0 warnings