(1)	ARCHI_TYPE fta(
(2)			   const rate wsn := 1000,
(3)			   const rate channel_rate := 50,
(4)			   const rate fta_r := 50000,
(5)			   const rate packet := 10,
(6)			   const rate ShowMap_r := 5000,
(7)			   const rate lan_rate := 200,
(8)			   const rate db := 200,
(9)			   const rate dec := 25)
(10)
(11)
(12)	ARCHI_ELEM_TYPES
(13)
(14)	    ELEM_TYPE Wsn_Type(const rate wsn)
(15)
(16)			BEHAVIOR
(17)
(18)						SendData(	 void;void) = <generate_data, exp(wsn)> . <send_data, inf> . SendData()
(19)			INPUT_INTERACTIONS
(20)
(21)				UNI generate_data
(22)
(23)			OUTPUT_INTERACTIONS
(24)
(25)				UNI send_data
(26)
(27)	    ELEM_TYPE Channel_Type(const rate channel_rate)
(28)
(29)			BEHAVIOR
(30)
(31)						Channel(	 void;void) = <receive_data, _> . <forward_data, exp(channel_rate)> . Channel()
(32)			INPUT_INTERACTIONS
(33)
(34)				UNI receive_data
(35)
(36)			OUTPUT_INTERACTIONS
(37)
(38)				UNI forward_data
(39)
(40)	    ELEM_TYPE Fta_Type(const rate fta_r,const rate packet)
(41)
(42)			BEHAVIOR
(43)
(44)						Fta(	 void;void) = <receive, _> . <packet_data, exp(packet)> . <sendto_security, _> . <receive_decrypted, _> . <process_data, exp(fta_r)> . <sendto_db, _> . <sendto_desktop, _> . Fta()
(45)			INPUT_INTERACTIONS
(46)
(47)				UNI receive;
(48)				receive_decrypted
(49)
(50)			OUTPUT_INTERACTIONS
(51)
(52)				UNI sendto_db;
(53)				sendto_desktop;
(54)				sendto_security;
(55)				process_data;
(56)				packet_data
(57)
(58)	    ELEM_TYPE Lan_Type(const rate lan_rate)
(59)
(60)			BEHAVIOR
(61)
(62)						Lan(	 void;void) = choice
(63)						{
(64)							<lanto_db, inf> . <frwdto_db, exp(lan_rate)> . Lan(),
(65)							<lanto_desk, inf> . <frwdto_desk, exp(lan_rate)> . Lan(),
(66)							<lanto_sec, inf> . <frwdto_sec, exp(lan_rate)> . Lan(),
(67)							<lanto_fta, inf> . <frwdto_fta, exp(lan_rate)> . Lan()
(68)						}
(69)			INPUT_INTERACTIONS
(70)
(71)				UNI lanto_db;
(72)				lanto_desk;
(73)				lanto_sec;
(74)				lanto_fta
(75)
(76)			OUTPUT_INTERACTIONS
(77)
(78)				UNI frwdto_db;
(79)				frwdto_desk;
(80)				frwdto_sec;
(81)				frwdto_fta
(82)
(83)	    ELEM_TYPE Desk_Type(const rate ShowMap_r)
(84)
(85)			BEHAVIOR
(86)
(87)						ShowMap(	 void;void) = <receive_map, _> . <show_map, exp(ShowMap_r)> . ShowMap()
(88)			INPUT_INTERACTIONS
(89)
(90)				UNI receive_map
(91)
(92)			OUTPUT_INTERACTIONS
(93)
(94)				UNI show_map
(95)
(96)	    ELEM_TYPE DB_Type(const rate db)
(97)
(98)			BEHAVIOR
(99)
(100)						StoreData(	 void;void) = <receive_fta_data, _> . <store_data, exp(db)> . StoreData()
(101)			INPUT_INTERACTIONS
(102)
(103)				UNI receive_fta_data
(104)
(105)			OUTPUT_INTERACTIONS
(106)
(107)				UNI store_data
(108)
(109)	    ELEM_TYPE Sec_Type(const rate dec)
(110)
(111)			BEHAVIOR
(112)
(113)						Security(	 void;void) = <receive_ftas, _> . <decrypt_data, exp(dec)> . <sendto_fta, _> . Security()
(114)			INPUT_INTERACTIONS
(115)
(116)				UNI receive_ftas
(117)
(118)			OUTPUT_INTERACTIONS
(119)
(120)				UNI sendto_fta;
(121)				decrypt_data
(122)
(123)
(124)
(125)	ARCHI_TOPOLOGY
(126)
(127)	           ARCHI_ELEM_INSTANCES
(128)						WSN : Wsn_Type( wsn);
(129)	                    CHN : Channel_Type( channel_rate);
(130)	                    FTA : Fta_Type( fta_r, packet);
(131)	                    LAN : Lan_Type( lan_rate);
(132)	                    DB : DB_Type( db);
(133)	                    DSK : Desk_Type( ShowMap_r);
(134)	                    SCR : Sec_Type( dec)
(135)
(136)			   ARCHI_INTERACTIONS
(137)						WSN.generate_data;
(138)						DB.store_data;
(139)						DSK.show_map;
(140)						SCR.decrypt_data;
(141)						FTA.process_data;
(142)						FTA.packet_data
(143)
(144)			   ARCHI_ATTACHMENTS
(145)						FROM WSN.send_data TO CHN.receive_data;
(146)						FROM CHN.forward_data TO FTA.receive;
(147)						FROM FTA.sendto_db TO LAN.lanto_db;
(148)						FROM FTA.sendto_desktop TO LAN.lanto_desk;
(149)						FROM FTA.sendto_security TO LAN.lanto_sec;
(150)						FROM LAN.frwdto_desk TO DSK.receive_map;
(151)						FROM LAN.frwdto_db TO DB.receive_fta_data;
(152)						FROM LAN.frwdto_fta TO FTA.receive_decrypted;
(153)						FROM LAN.frwdto_sec TO SCR.receive_ftas;
(154)						FROM SCR.sendto_fta TO LAN.lanto_fta
(155)
(156)	END
(157)


>>>> 0 errors
>>>> 0 warnings