(1)	ARCHI_TYPE fta(
(2)		const rate workload := 190.815,
(3)		const rate wsn_rate := 1.457,
(4)		const rate channel_rate := 2.562,
(5)		const rate fta_rate := 6.634,
(6)		const rate packet_rate := 4.482,
(7)		const rate ShowMap_rate := 0.9217,
(8)		const rate lan_db_rate := 3.829,
(9)		const rate lan_desk_rate := 9.945,
(10)		const rate lan_sec_rate := 0.839,
(11)		const rate lan_fta_rate := 6.945,
(12)		const rate db_rate := 0.538,
(13)		const rate dec_rate := 0.0738
(14)	)
(15)
(16)	ARCHI_ELEM_TYPES
(17)
(18)
(19)			ELEM_TYPE Wsn_Type(const rate workload, const rate wsn_rate)
(20)
(21)				BEHAVIOR
(22)
(23)					SendData(void;void) = <generate_data, exp(workload)> . <send_data, exp(wsn_rate)> . SendData()
(24)
(25)				INPUT_INTERACTIONS
(26)
(27)					UNI generate_data
(28)
(29)				OUTPUT_INTERACTIONS
(30)
(31)
(32)					OR send_data
(33)
(34)			ELEM_TYPE Channel_Type(const rate channel_rate)
(35)
(36)				BEHAVIOR
(37)
(38)					Channel(void;void) = <receive_data, _> . <forward_data, exp(channel_rate)> . Channel()
(39)
(40)				INPUT_INTERACTIONS
(41)
(42)					UNI receive_data
(43)
(44)				OUTPUT_INTERACTIONS
(45)
(46)					UNI forward_data
(47)
(48)			ELEM_TYPE Fta_Type(const rate fta_rate, const rate packet_rate)
(49)
(50)				BEHAVIOR
(51)
(52)					Fta(void;void) = <receive, _> . <packet_data, exp(packet_rate)> . <sendto_security, _> . <receive_decrypted, _> . <process_data, exp(fta_rate)> . <sendto_db, _> . <sendto_desktop, _> . Fta()
(53)
(54)				INPUT_INTERACTIONS
(55)
(56)
(57)					OR receive;
(58)					 receive_decrypted
(59)
(60)				OUTPUT_INTERACTIONS
(61)
(62)					UNI process_data;
(63)					 packet_data
(64)					OR sendto_db;
(65)					 sendto_desktop;
(66)					 sendto_security
(67)
(68)			ELEM_TYPE Lan_Type(const rate lan_db_rate, const rate lan_desk_rate, const rate lan_sec_rate, const rate lan_fta_rate)
(69)
(70)				BEHAVIOR
(71)
(72)					Lan(void;void) = choice{
(73)					                 <lanto_db, inf> . <frwdto_db, exp(lan_db_rate)> . Lan(),
(74)					                 <lanto_desk, inf> . <frwdto_desk, exp(lan_desk_rate)> . Lan(),
(75)					                 <lanto_sec, inf> . <frwdto_sec, exp(lan_sec_rate)> . Lan(),
(76)					                 <lanto_fta, inf> . <frwdto_fta, exp(lan_fta_rate)> . Lan()
(77)					                 }
(78)
(79)				INPUT_INTERACTIONS
(80)
(81)					UNI lanto_db;
(82)					 lanto_desk;
(83)					 lanto_sec;
(84)					 lanto_fta
(85)
(86)				OUTPUT_INTERACTIONS
(87)
(88)					UNI frwdto_db;
(89)					 frwdto_desk;
(90)					 frwdto_sec;
(91)					 frwdto_fta
(92)
(93)			ELEM_TYPE Desk_Type(const rate ShowMap_rate)
(94)
(95)				BEHAVIOR
(96)
(97)					ShowMap(void;void) = <receive_map, _> . <show_map, exp(ShowMap_rate)> . ShowMap()
(98)
(99)				INPUT_INTERACTIONS
(100)
(101)
(102)					OR receive_map
(103)
(104)				OUTPUT_INTERACTIONS
(105)
(106)					UNI show_map
(107)
(108)			ELEM_TYPE DB_Type(const rate db)
(109)
(110)				BEHAVIOR
(111)
(112)					StoreData(void;void) = <receive_fta_data, _> . <store_data, exp(db)> . StoreData()
(113)
(114)				INPUT_INTERACTIONS
(115)
(116)
(117)					OR receive_fta_data
(118)
(119)				OUTPUT_INTERACTIONS
(120)
(121)					UNI store_data
(122)
(123)			ELEM_TYPE Sec_Type(const rate dec_rate)
(124)
(125)				BEHAVIOR
(126)
(127)					Security(void;void) = <receive_ftas, _> . <decrypt_data, exp(dec_rate)> . <sendto_fta, _> . Security()
(128)
(129)				INPUT_INTERACTIONS
(130)
(131)
(132)					OR receive_ftas
(133)
(134)				OUTPUT_INTERACTIONS
(135)
(136)					UNI decrypt_data
(137)					OR sendto_fta
(138)
(139)			ARCHI_TOPOLOGY
(140)
(141)	           ARCHI_ELEM_INSTANCES
(142)
(143)		           WSN : Wsn_Type(workload, wsn_rate);
(144)		           CHN : Channel_Type(channel_rate);
(145)		           FTA : Fta_Type(fta_rate, packet_rate);
(146)		           LAN : Lan_Type(lan_db_rate, lan_desk_rate, lan_sec_rate, lan_fta_rate);
(147)		           DB : DB_Type(db_rate);
(148)		           DSK : Desk_Type(ShowMap_rate);
(149)		           SCR : Sec_Type(dec_rate);
(150)		           LAN_cloned_QU5WH1BKKP3WHG1TIY : Lan_Type(lan_db_rate, lan_desk_rate, lan_sec_rate, lan_fta_rate);
(151)		           CHN_cloned_10P97VU8FGE962FOI8 : Channel_Type(channel_rate)
(152)
(153)	           ARCHI_INTERACTIONS
(154)
(155)
(156)		           WSN.generate_data;
(157)		           DB.store_data;
(158)		           DSK.show_map;
(159)		           SCR.decrypt_data;
(160)		           FTA.process_data;
(161)		           FTA.packet_data
(162)
(163)	           ARCHI_ATTACHMENTS
(164)		           FROM WSN.send_data TO CHN.receive_data;
(165)		           FROM CHN.forward_data TO FTA.receive;
(166)		           FROM FTA.sendto_db TO LAN.lanto_db;
(167)		           FROM FTA.sendto_desktop TO LAN.lanto_desk;
(168)		           FROM FTA.sendto_security TO LAN.lanto_sec;
(169)		           FROM LAN.frwdto_desk TO DSK.receive_map;
(170)		           FROM LAN.frwdto_db TO DB.receive_fta_data;
(171)		           FROM LAN.frwdto_fta TO FTA.receive_decrypted;
(172)		           FROM LAN.frwdto_sec TO SCR.receive_ftas;
(173)		           FROM SCR.sendto_fta TO LAN.lanto_fta;
(174)		           FROM LAN_cloned_QU5WH1BKKP3WHG1TIY.frwdto_desk TO DSK.receive_map;
(175)		           FROM LAN_cloned_QU5WH1BKKP3WHG1TIY.frwdto_db TO DB.receive_fta_data;
(176)		           FROM LAN_cloned_QU5WH1BKKP3WHG1TIY.frwdto_fta TO FTA.receive_decrypted;
(177)		           FROM LAN_cloned_QU5WH1BKKP3WHG1TIY.frwdto_sec TO SCR.receive_ftas;
(178)		           FROM FTA.sendto_db TO LAN_cloned_QU5WH1BKKP3WHG1TIY.lanto_db;
(179)		           FROM FTA.sendto_desktop TO LAN_cloned_QU5WH1BKKP3WHG1TIY.lanto_desk;
(180)		           FROM FTA.sendto_security TO LAN_cloned_QU5WH1BKKP3WHG1TIY.lanto_sec;
(181)		           FROM SCR.sendto_fta TO LAN_cloned_QU5WH1BKKP3WHG1TIY.lanto_fta;
(182)		           FROM CHN_cloned_10P97VU8FGE962FOI8.forward_data TO FTA.receive;
(183)		           FROM WSN.send_data TO CHN_cloned_10P97VU8FGE962FOI8.receive_data
(184)	END
(185)
(186)


>>>> 0 errors
>>>> 0 warnings