(1)	%%%%%%%%%%%%%%%%%%%%%%%%%%%%%%%%%%%%%%%%%%%%%%%%%%%%%%%%%%%%%%%%%
(2)	%								%
(3)	% Performance measure specification
(4)	%								%
(5)	%%%%%%%%%%%%%%%%%%%%%%%%%%%%%%%%%%%%%%%%%%%%%%%%%%%%%%%%%%%%%%%%%
(6)
(7)	MEASURE MA_Type_Multiple_utilization_MA IS
(8)	ENABLED (MA[1].trasmit_req_best_path) ->STATE_REWARD(1.0)
(9)	ENABLED (MA[2].trasmit_req_best_path) ->STATE_REWARD(1.0)
(10)	ENABLED (MA[3].trasmit_req_best_path) ->STATE_REWARD(1.0)
(11)	ENABLED (MA[4].trasmit_req_best_path) ->STATE_REWARD(1.0)
(12)	ENABLED (MA[5].trasmit_req_best_path) ->STATE_REWARD(1.0);
(13)
(14)	MEASURE Balancer_Type_Single_throughput_LB_deliver_req_best_path_a IS
(15)	  ENABLED(LB.deliver_req_best_path_a) -> TRANS_REWARD(1.0);
(16)
(17)	MEASURE Balancer_Type_Single_throughput_LB_deliver_req_best_path_b IS
(18)	  ENABLED (LB.deliver_req_best_path_b) ->TRANS_REWARD(1.0);
(19)
(20)	MEASURE DB_Type_Single_utilization_DB_transmit_data IS
(21)	  ENABLED(DB.transmit_data) -> STATE_REWARD(1.0)


>>>> 0 errors
>>>> 0 warnings